<?xml version="1.0" encoding="UTF-8"?>
<!-- Generated by org.testng.reporters.JUnitReportReporter -->
<testsuite hostname="DESKTOP-GD3GR8T" failures="0" tests="8" name="tests.testExamples" time="3.434" errors="0" timestamp="2022-06-09T17:06:53 CLT" skipped="0">
  <testcase classname="tests.testExamples" name="test_3_Put" time="0.499"/>
  <system-out/>
  <testcase classname="tests.testExamples" name="test_1_3_Get" time="0.080"/>
  <system-out/>
  <testcase classname="tests.testExamples" name="test_2_Post" time="0.597"/>
  <system-out/>
  <testcase classname="tests.testExamples" name="test_1_1_Get" time="1.157"/>
  <system-out/>
  <testcase classname="tests.testExamples" name="test_4_Patch" time="0.480"/>
  <system-out/>
  <testcase classname="tests.testExamples" name="test_5_Delete" time="0.476"/>
  <system-out/>
  <testcase classname="tests.testExamples" name="test_1_2_Get" time="0.089"/>
  <system-out/>
  <testcase classname="tests.testExamples" name="test_1_Get" time="0.056"/>
  <system-out/>
</testsuite> <!-- tests.testExamples -->
